<?xml version="1.0" encoding="UTF-8" ?>
<testsuite tests="12" failures="0" name="scenariosRunner.RunnerCT01" time="0.639" errors="0" skipped="0">
  <properties>
[...]
</properties>
  <testcase classname="Scenario: CT01- Adcionar produto no carrinho" name="Given que ao acessar o portal &quot;https://www.americanas.com.br&quot;" time="0.003"/>
  <testcase classname="Scenario: CT01- Adcionar produto no carrinho" name="When pesquisar o produto &quot;SSD Kingston A400 480GB&quot;" time="0"/>
  <testcase classname="Scenario: CT01- Adcionar produto no carrinho" name="And acessar o produto &quot;SSD Kingston A400 480GB&quot;" time="0"/>
  <testcase classname="Scenario: CT01- Adcionar produto no carrinho" name="And clicar em comprar" time="0"/>
  <testcase classname="Scenario: CT01- Adcionar produto no carrinho" name="Then produto &quot;Ssd Kingston A400 480gb&quot; adicionado ao carrinho" time="0"/>
  <testcase classname="Scenario: CT01- Adcionar produto no carrinho" name="Scenario: CT01- Adcionar produto no carrinho" time="0.473"/>
  <testcase classname="Scenario: CT02- Adcionar produto no carrinho" name="Given que ao acessar o portal2 &quot;https://www.americanas.com.br&quot;" time="0"/>
  <testcase classname="Scenario: CT02- Adcionar produto no carrinho" name="When pesquisar o produto2 &quot;SSD 240gb&quot;" time="0"/>
  <testcase classname="Scenario: CT02- Adcionar produto no carrinho" name="And acessar o produto2 &quot;SSD Kingston A400 240GB&quot;" time="0"/>
  <testcase classname="Scenario: CT02- Adcionar produto no carrinho" name="And clicar em comprar2" time="0"/>
  <testcase classname="Scenario: CT02- Adcionar produto no carrinho" name="Then produto2 &quot;SSD Kingston A400 240GB&quot; adicionado ao carrinho" time="0"/>
  <testcase classname="Scenario: CT02- Adcionar produto no carrinho" name="Scenario: CT02- Adcionar produto no carrinho" time="0.163"/>
</testsuite>