<?xml version="1.0" encoding="UTF-8"?>
<testsuite name="Scenario: CT01- Adcionar produto no carrinho" time="0.006" tests="7" errors="2" skipped="1" failures="0">
  <properties>
[...]
</properties>
  <testcase name="Scenario: CT01- Adcionar produto no carrinho" classname="Scenario: CT01- Adcionar produto no carrinho" time="0"/>
  <testcase name="Scenario: CT01- Adcionar produto no carrinho" classname="Scenario: CT01- Adcionar produto no carrinho" time="0">
    <error message="org.openqa.selenium.TimeoutException: Time (30) exceeded to find element: By.xpath: //div[contains(@class,&apos;Wrapper-sc-1i9za0i-3&apos;)]//span[text()=&apos;comprar&apos;]/../..&#10;Build info: version: &apos;3.4.0&apos;, revision: &apos;unknown&apos;, time: &apos;unknown&apos;&#10;System info: host: &apos;UDI-DCK8703&apos;, ip: &apos;192.168.0.19&apos;, os.name: &apos;Windows 10&apos;, os.arch: &apos;amd64&apos;, os.version: &apos;10.0&apos;, java.version: &apos;11.0.7&apos;&#10;Driver info: driver.version: unknown" type="java.lang.Exception">java.lang.Exception: org.openqa.selenium.TimeoutException: Time (30) exceeded to find element: By.xpath: //div[contains(@class,'Wrapper-sc-1i9za0i-3')]//span[text()='comprar']/../..
Build info: version: '3.4.0', revision: 'unknown', time: 'unknown'
System info: host: 'UDI-DCK8703', ip: '192.168.0.19', os.name: 'Windows 10', os.arch: 'amd64', os.version: '10.0', java.version: '11.0.7'
Driver info: driver.version: unknown
	at steps.CT01.clicar_em_comprar(CT01.java:53)
	at ✽.And clicar em comprar(CT01.feature:6)
Caused by: org.openqa.selenium.TimeoutException: Time (30) exceeded to find element: By.xpath: //div[contains(@class,'Wrapper-sc-1i9za0i-3')]//span[text()='comprar']/../..
Build info: version: '3.4.0', revision: 'unknown', time: 'unknown'
System info: host: 'UDI-DCK8703', ip: '192.168.0.19', os.name: 'Windows 10', os.arch: 'amd64', os.version: '10.0', java.version: '11.0.7'
Driver info: driver.version: unknown
	at page.BasePage.waitElement(BasePage.java:81)
	at page.ProductPage.addProductToCart(ProductPage.java:15)
	at steps.CT01.clicar_em_comprar(CT01.java:49)
	at java.base/jdk.internal.reflect.NativeMethodAccessorImpl.invoke0(Native Method)
	at java.base/jdk.internal.reflect.NativeMethodAccessorImpl.invoke(NativeMethodAccessorImpl.java:62)
	at java.base/jdk.internal.reflect.DelegatingMethodAccessorImpl.invoke(DelegatingMethodAccessorImpl.java:43)
	at java.base/java.lang.reflect.Method.invoke(Method.java:566)
	at cucumber.runtime.Utils$1.call(Utils.java:40)
	at cucumber.runtime.Timeout.timeout(Timeout.java:16)
	at cucumber.runtime.Utils.invoke(Utils.java:34)
	at cucumber.runtime.java.JavaStepDefinition.execute(JavaStepDefinition.java:38)
	at cucumber.runtime.StepDefinitionMatch.runStep(StepDefinitionMatch.java:37)
	at cucumber.runtime.Runtime.runStep(Runtime.java:300)
	at cucumber.runtime.model.StepContainer.runStep(StepContainer.java:44)
	at cucumber.runtime.model.StepContainer.runSteps(StepContainer.java:39)
	at cucumber.runtime.model.CucumberScenario.run(CucumberScenario.java:44)
	at cucumber.runtime.junit.ExecutionUnitRunner.run(ExecutionUnitRunner.java:102)
	at cucumber.runtime.junit.FeatureRunner.runChild(FeatureRunner.java:63)
	at cucumber.runtime.junit.FeatureRunner.runChild(FeatureRunner.java:18)
	at org.junit.runners.ParentRunner$3.run(ParentRunner.java:290)
	at org.junit.runners.ParentRunner$1.schedule(ParentRunner.java:71)
	at org.junit.runners.ParentRunner.runChildren(ParentRunner.java:288)
	at org.junit.runners.ParentRunner.access$000(ParentRunner.java:58)
	at org.junit.runners.ParentRunner$2.evaluate(ParentRunner.java:268)
	at org.junit.runners.ParentRunner.run(ParentRunner.java:363)
	at cucumber.runtime.junit.FeatureRunner.run(FeatureRunner.java:70)
	at cucumber.api.junit.Cucumber.runChild(Cucumber.java:95)
	at cucumber.api.junit.Cucumber.runChild(Cucumber.java:38)
	at org.junit.runners.ParentRunner$3.run(ParentRunner.java:290)
	at org.apache.maven.surefire.junitcore.pc.Scheduler$1.run(Scheduler.java:387)
	at org.apache.maven.surefire.junitcore.pc.InvokerStrategy.schedule(InvokerStrategy.java:54)
	at org.apache.maven.surefire.junitcore.pc.Scheduler.schedule(Scheduler.java:346)
	at org.junit.runners.ParentRunner.runChildren(ParentRunner.java:288)
	at org.junit.runners.ParentRunner.access$000(ParentRunner.java:58)
	at org.junit.runners.ParentRunner$2.evaluate(ParentRunner.java:268)
	at org.junit.runners.ParentRunner.run(ParentRunner.java:363)
	at cucumber.api.junit.Cucumber.run(Cucumber.java:100)
	at org.junit.runners.Suite.runChild(Suite.java:128)
	at org.junit.runners.Suite.runChild(Suite.java:27)
	at org.junit.runners.ParentRunner$3.run(ParentRunner.java:290)
	at org.apache.maven.surefire.junitcore.pc.Scheduler$1.run(Scheduler.java:387)
	at java.base/java.util.concurrent.Executors$RunnableAdapter.call(Executors.java:515)
	at java.base/java.util.concurrent.FutureTask.run(FutureTask.java:264)
	at java.base/java.util.concurrent.ThreadPoolExecutor.runWorker(ThreadPoolExecutor.java:1128)
	at java.base/java.util.concurrent.ThreadPoolExecutor$Worker.run(ThreadPoolExecutor.java:628)
	at java.base/java.lang.Thread.run(Thread.java:834)
</error>
  </testcase>
  <testcase name="Given que ao acessar o portal &quot;https://www.americanas.com.br&quot;" classname="Scenario: CT01- Adcionar produto no carrinho" time="0.001"/>
  <testcase name="When pesquisar o produto &quot;SSD Kingston A400 480GB&quot;" classname="Scenario: CT01- Adcionar produto no carrinho" time="0"/>
  <testcase name="And acessar o produto &quot;SSD Kingston A400 480GB&quot;" classname="Scenario: CT01- Adcionar produto no carrinho" time="0"/>
  <testcase name="And clicar em comprar" classname="Scenario: CT01- Adcionar produto no carrinho" time="0.005">
    <error message="org.openqa.selenium.TimeoutException: Time (30) exceeded to find element: By.xpath: //div[contains(@class,&apos;Wrapper-sc-1i9za0i-3&apos;)]//span[text()=&apos;comprar&apos;]/../..&#10;Build info: version: &apos;3.4.0&apos;, revision: &apos;unknown&apos;, time: &apos;unknown&apos;&#10;System info: host: &apos;UDI-DCK8703&apos;, ip: &apos;192.168.0.19&apos;, os.name: &apos;Windows 10&apos;, os.arch: &apos;amd64&apos;, os.version: &apos;10.0&apos;, java.version: &apos;11.0.7&apos;&#10;Driver info: driver.version: unknown" type="java.lang.Exception">java.lang.Exception: org.openqa.selenium.TimeoutException: Time (30) exceeded to find element: By.xpath: //div[contains(@class,'Wrapper-sc-1i9za0i-3')]//span[text()='comprar']/../..
Build info: version: '3.4.0', revision: 'unknown', time: 'unknown'
System info: host: 'UDI-DCK8703', ip: '192.168.0.19', os.name: 'Windows 10', os.arch: 'amd64', os.version: '10.0', java.version: '11.0.7'
Driver info: driver.version: unknown
	at steps.CT01.clicar_em_comprar(CT01.java:53)
	at ✽.And clicar em comprar(CT01.feature:6)
Caused by: org.openqa.selenium.TimeoutException: Time (30) exceeded to find element: By.xpath: //div[contains(@class,'Wrapper-sc-1i9za0i-3')]//span[text()='comprar']/../..
Build info: version: '3.4.0', revision: 'unknown', time: 'unknown'
System info: host: 'UDI-DCK8703', ip: '192.168.0.19', os.name: 'Windows 10', os.arch: 'amd64', os.version: '10.0', java.version: '11.0.7'
Driver info: driver.version: unknown
	at page.BasePage.waitElement(BasePage.java:81)
	at page.ProductPage.addProductToCart(ProductPage.java:15)
	at steps.CT01.clicar_em_comprar(CT01.java:49)
	at java.base/jdk.internal.reflect.NativeMethodAccessorImpl.invoke0(Native Method)
	at java.base/jdk.internal.reflect.NativeMethodAccessorImpl.invoke(NativeMethodAccessorImpl.java:62)
	at java.base/jdk.internal.reflect.DelegatingMethodAccessorImpl.invoke(DelegatingMethodAccessorImpl.java:43)
	at java.base/java.lang.reflect.Method.invoke(Method.java:566)
	at cucumber.runtime.Utils$1.call(Utils.java:40)
	at cucumber.runtime.Timeout.timeout(Timeout.java:16)
	at cucumber.runtime.Utils.invoke(Utils.java:34)
	at cucumber.runtime.java.JavaStepDefinition.execute(JavaStepDefinition.java:38)
	at cucumber.runtime.StepDefinitionMatch.runStep(StepDefinitionMatch.java:37)
	at cucumber.runtime.Runtime.runStep(Runtime.java:300)
	at cucumber.runtime.model.StepContainer.runStep(StepContainer.java:44)
	at cucumber.runtime.model.StepContainer.runSteps(StepContainer.java:39)
	at cucumber.runtime.model.CucumberScenario.run(CucumberScenario.java:44)
	at cucumber.runtime.junit.ExecutionUnitRunner.run(ExecutionUnitRunner.java:102)
	at cucumber.runtime.junit.FeatureRunner.runChild(FeatureRunner.java:63)
	at cucumber.runtime.junit.FeatureRunner.runChild(FeatureRunner.java:18)
	at org.junit.runners.ParentRunner$3.run(ParentRunner.java:290)
	at org.junit.runners.ParentRunner$1.schedule(ParentRunner.java:71)
	at org.junit.runners.ParentRunner.runChildren(ParentRunner.java:288)
	at org.junit.runners.ParentRunner.access$000(ParentRunner.java:58)
	at org.junit.runners.ParentRunner$2.evaluate(ParentRunner.java:268)
	at org.junit.runners.ParentRunner.run(ParentRunner.java:363)
	at cucumber.runtime.junit.FeatureRunner.run(FeatureRunner.java:70)
	at cucumber.api.junit.Cucumber.runChild(Cucumber.java:95)
	at cucumber.api.junit.Cucumber.runChild(Cucumber.java:38)
	at org.junit.runners.ParentRunner$3.run(ParentRunner.java:290)
	at org.apache.maven.surefire.junitcore.pc.Scheduler$1.run(Scheduler.java:387)
	at org.apache.maven.surefire.junitcore.pc.InvokerStrategy.schedule(InvokerStrategy.java:54)
	at org.apache.maven.surefire.junitcore.pc.Scheduler.schedule(Scheduler.java:346)
	at org.junit.runners.ParentRunner.runChildren(ParentRunner.java:288)
	at org.junit.runners.ParentRunner.access$000(ParentRunner.java:58)
	at org.junit.runners.ParentRunner$2.evaluate(ParentRunner.java:268)
	at org.junit.runners.ParentRunner.run(ParentRunner.java:363)
	at cucumber.api.junit.Cucumber.run(Cucumber.java:100)
	at org.junit.runners.Suite.runChild(Suite.java:128)
	at org.junit.runners.Suite.runChild(Suite.java:27)
	at org.junit.runners.ParentRunner$3.run(ParentRunner.java:290)
	at org.apache.maven.surefire.junitcore.pc.Scheduler$1.run(Scheduler.java:387)
	at java.base/java.util.concurrent.Executors$RunnableAdapter.call(Executors.java:515)
	at java.base/java.util.concurrent.FutureTask.run(FutureTask.java:264)
	at java.base/java.util.concurrent.ThreadPoolExecutor.runWorker(ThreadPoolExecutor.java:1128)
	at java.base/java.util.concurrent.ThreadPoolExecutor$Worker.run(ThreadPoolExecutor.java:628)
	at java.base/java.lang.Thread.run(Thread.java:834)
</error>
  </testcase>
  <testcase name="Then produto &quot;Ssd Kingston A400 480gb&quot; adicionado ao carrinho" classname="Scenario: CT01- Adcionar produto no carrinho" time="0">
    <skipped/>
  </testcase>
</testsuite>